Determining if the pthread_create exist failed with the following output:
Change Dir: /home/cristinaescribano/CrazyDrones/build/CMakeFiles/CMakeTmp

Run Build Command:"/usr/bin/make" "cmTC_faca3/fast"
/usr/bin/make -f CMakeFiles/cmTC_faca3.dir/build.make CMakeFiles/cmTC_faca3.dir/build
make[1]: Entering directory '/home/cristinaescribano/CrazyDrones/build/CMakeFiles/CMakeTmp'
Building C object CMakeFiles/cmTC_faca3.dir/CheckSymbolExists.c.o
/usr/bin/cc     -o CMakeFiles/cmTC_faca3.dir/CheckSymbolExists.c.o   -c /home/cristinaescribano/CrazyDrones/build/CMakeFiles/CMakeTmp/CheckSymbolExists.c
Linking C executable cmTC_faca3
/usr/bin/cmake -E cmake_link_script CMakeFiles/cmTC_faca3.dir/link.txt --verbose=1
/usr/bin/cc       CMakeFiles/cmTC_faca3.dir/CheckSymbolExists.c.o  -o cmTC_faca3 -rdynamic 
CMakeFiles/cmTC_faca3.dir/CheckSymbolExists.c.o: In function `main':
CheckSymbolExists.c:(.text+0x16): undefined reference to `pthread_create'
collect2: error: ld returned 1 exit status
CMakeFiles/cmTC_faca3.dir/build.make:97: recipe for target 'cmTC_faca3' failed
make[1]: *** [cmTC_faca3] Error 1
make[1]: Leaving directory '/home/cristinaescribano/CrazyDrones/build/CMakeFiles/CMakeTmp'
Makefile:126: recipe for target 'cmTC_faca3/fast' failed
make: *** [cmTC_faca3/fast] Error 2

File /home/cristinaescribano/CrazyDrones/build/CMakeFiles/CMakeTmp/CheckSymbolExists.c:
/* */
#include <pthread.h>

int main(int argc, char** argv)
{
  (void)argv;
#ifndef pthread_create
  return ((int*)(&pthread_create))[argc];
#else
  (void)argc;
  return 0;
#endif
}

Determining if the function pthread_create exists in the pthreads failed with the following output:
Change Dir: /home/cristinaescribano/CrazyDrones/build/CMakeFiles/CMakeTmp

Run Build Command:"/usr/bin/make" "cmTC_667eb/fast"
/usr/bin/make -f CMakeFiles/cmTC_667eb.dir/build.make CMakeFiles/cmTC_667eb.dir/build
make[1]: Entering directory '/home/cristinaescribano/CrazyDrones/build/CMakeFiles/CMakeTmp'
Building C object CMakeFiles/cmTC_667eb.dir/CheckFunctionExists.c.o
/usr/bin/cc    -DCHECK_FUNCTION_EXISTS=pthread_create   -o CMakeFiles/cmTC_667eb.dir/CheckFunctionExists.c.o   -c /usr/share/cmake-3.5/Modules/CheckFunctionExists.c
Linking C executable cmTC_667eb
/usr/bin/cmake -E cmake_link_script CMakeFiles/cmTC_667eb.dir/link.txt --verbose=1
/usr/bin/cc   -DCHECK_FUNCTION_EXISTS=pthread_create    CMakeFiles/cmTC_667eb.dir/CheckFunctionExists.c.o  -o cmTC_667eb -rdynamic -lpthreads 
/usr/bin/ld: cannot find -lpthreads
collect2: error: ld returned 1 exit status
CMakeFiles/cmTC_667eb.dir/build.make:97: recipe for target 'cmTC_667eb' failed
make[1]: *** [cmTC_667eb] Error 1
make[1]: Leaving directory '/home/cristinaescribano/CrazyDrones/build/CMakeFiles/CMakeTmp'
Makefile:126: recipe for target 'cmTC_667eb/fast' failed
make: *** [cmTC_667eb/fast] Error 2


